# JRE version: OpenJDK Runtime Environment (11.0.3+7) (build 11.0.3+7)
# Java VM: OpenJDK 64-Bit Server VM (11.0.3+7, mixed mode, tiered, compressed oops, g1 gc, windows-amd64)
Heap:
 garbage-first heap   total 63488K, used 26487K [0x00000000c2200000, 0x0000000100000000)
  region size 1024K, 16 young (16384K), 3 survivors (3072K)
 Metaspace       used 31480K, capacity 32441K, committed 32560K, reserved 1077248K
  class space    used 3754K, capacity 4155K, committed 4224K, reserved 1048576K
GC Heap History (10 events):
Event: 5.178 GC heap before
{Heap before GC invocations=4 (full 0):
 garbage-first heap   total 63488K, used 16931K [0x00000000c2200000, 0x0000000100000000)
  region size 1024K, 9 young (9216K), 3 survivors (3072K)
 Metaspace       used 20533K, capacity 21149K, committed 21296K, reserved 1069056K
  class space    used 2236K, capacity 2432K, committed 2432K, reserved 1048576K
}
Event: 5.185 GC heap after
{Heap after GC invocations=5 (full 0):
 garbage-first heap   total 63488K, used 12173K [0x00000000c2200000, 0x0000000100000000)
  region size 1024K, 2 young (2048K), 2 survivors (2048K)
 Metaspace       used 20533K, capacity 21149K, committed 21296K, reserved 1069056K
  class space    used 2236K, capacity 2432K, committed 2432K, reserved 1048576K
}
Event: 5.723 GC heap before
{Heap before GC invocations=6 (full 0):
 garbage-first heap   total 63488K, used 32653K [0x00000000c2200000, 0x0000000100000000)
  region size 1024K, 23 young (23552K), 2 survivors (2048K)
 Metaspace       used 21456K, capacity 22050K, committed 22320K, reserved 1069056K
  class space    used 2454K, capacity 2664K, committed 2688K, reserved 1048576K
}
Event: 5.727 GC heap after
{Heap after GC invocations=7 (full 0):
 garbage-first heap   total 63488K, used 12484K [0x00000000c2200000, 0x0000000100000000)
  region size 1024K, 2 young (2048K), 2 survivors (2048K)
 Metaspace       used 21456K, capacity 22050K, committed 22320K, reserved 1069056K
  class space    used 2454K, capacity 2664K, committed 2688K, reserved 1048576K
}
Event: 6.364 GC heap before
{Heap before GC invocations=7 (full 0):
 garbage-first heap   total 63488K, used 36036K [0x00000000c2200000, 0x0000000100000000)
  region size 1024K, 25 young (25600K), 2 survivors (2048K)
 Metaspace       used 24229K, capacity 25023K, committed 25136K, reserved 1071104K
  class space    used 2846K, capacity 3149K, committed 3200K, reserved 1048576K
}
Event: 6.371 GC heap after
{Heap after GC invocations=8 (full 0):
 garbage-first heap   total 63488K, used 13179K [0x00000000c2200000, 0x0000000100000000)
  region size 1024K, 3 young (3072K), 3 survivors (3072K)
 Metaspace       used 24229K, capacity 25023K, committed 25136K, reserved 1071104K
  class space    used 2846K, capacity 3149K, committed 3200K, reserved 1048576K
}
Event: 6.828 GC heap before
{Heap before GC invocations=8 (full 0):
 garbage-first heap   total 63488K, used 35707K [0x00000000c2200000, 0x0000000100000000)
  region size 1024K, 26 young (26624K), 3 survivors (3072K)
 Metaspace       used 27603K, capacity 28370K, committed 28592K, reserved 1075200K
  class space    used 3232K, capacity 3517K, committed 3584K, reserved 1048576K
}
Event: 6.833 GC heap after
{Heap after GC invocations=9 (full 0):
 garbage-first heap   total 63488K, used 13551K [0x00000000c2200000, 0x0000000100000000)
  region size 1024K, 2 young (2048K), 2 survivors (2048K)
 Metaspace       used 27603K, capacity 28370K, committed 28592K, reserved 1075200K
  class space    used 3232K, capacity 3517K, committed 3584K, reserved 1048576K
}
Event: 7.697 GC heap before
{Heap before GC invocations=9 (full 0):
 garbage-first heap   total 63488K, used 38127K [0x00000000c2200000, 0x0000000100000000)
  region size 1024K, 26 young (26624K), 2 survivors (2048K)
 Metaspace       used 30615K, capacity 31511K, committed 31664K, reserved 1077248K
  class space    used 3634K, capacity 4013K, committed 4096K, reserved 1048576K
}
Event: 7.703 GC heap after
{Heap after GC invocations=10 (full 0):
 garbage-first heap   total 63488K, used 14199K [0x00000000c2200000, 0x0000000100000000)
  region size 1024K, 3 young (3072K), 3 survivors (3072K)
 Metaspace       used 30615K, capacity 31511K, committed 31664K, reserved 1077248K
  class space    used 3634K, capacity 4013K, committed 4096K, reserved 1048576K
}

