# JRE version: OpenJDK Runtime Environment (11.0.3+7) (build 11.0.3+7)
# Java VM: OpenJDK 64-Bit Server VM (11.0.3+7, mixed mode, tiered, compressed oops, g1 gc, windows-amd64)
Heap:
 garbage-first heap   total 76800K, used 43764K [0x00000000c2200000, 0x0000000100000000)
  region size 1024K, 3 young (3072K), 2 survivors (2048K)
 Metaspace       used 73109K, capacity 75147K, committed 75392K, reserved 1114112K
  class space    used 9746K, capacity 10584K, committed 10624K, reserved 1048576K
GC Heap History (10 events):
Event: 32.283 GC heap before
{Heap before GC invocations=34 (full 0):
 garbage-first heap   total 76800K, used 64131K [0x00000000c2200000, 0x0000000100000000)
  region size 1024K, 29 young (29696K), 3 survivors (3072K)
 Metaspace       used 69385K, capacity 71243K, committed 71552K, reserved 1110016K
  class space    used 9220K, capacity 9989K, committed 10112K, reserved 1048576K
}
Event: 32.294 GC heap after
{Heap after GC invocations=35 (full 0):
 garbage-first heap   total 76800K, used 38890K [0x00000000c2200000, 0x0000000100000000)
  region size 1024K, 3 young (3072K), 3 survivors (3072K)
 Metaspace       used 69385K, capacity 71243K, committed 71552K, reserved 1110016K
  class space    used 9220K, capacity 9989K, committed 10112K, reserved 1048576K
}
Event: 33.259 GC heap before
{Heap before GC invocations=36 (full 0):
 garbage-first heap   total 76800K, used 63466K [0x00000000c2200000, 0x0000000100000000)
  region size 1024K, 27 young (27648K), 3 survivors (3072K)
 Metaspace       used 70121K, capacity 72073K, committed 72192K, reserved 1112064K
  class space    used 9356K, capacity 10160K, committed 10240K, reserved 1048576K
}
Event: 33.268 GC heap after
{Heap after GC invocations=37 (full 0):
 garbage-first heap   total 76800K, used 40107K [0x00000000c2200000, 0x0000000100000000)
  region size 1024K, 3 young (3072K), 3 survivors (3072K)
 Metaspace       used 70121K, capacity 72073K, committed 72192K, reserved 1112064K
  class space    used 9356K, capacity 10160K, committed 10240K, reserved 1048576K
}
Event: 33.978 GC heap before
{Heap before GC invocations=37 (full 0):
 garbage-first heap   total 76800K, used 63659K [0x00000000c2200000, 0x0000000100000000)
  region size 1024K, 26 young (26624K), 3 survivors (3072K)
 Metaspace       used 70941K, capacity 72914K, committed 73088K, reserved 1112064K
  class space    used 9464K, capacity 10290K, committed 10368K, reserved 1048576K
}
Event: 33.989 GC heap after
{Heap after GC invocations=38 (full 0):
 garbage-first heap   total 76800K, used 41803K [0x00000000c2200000, 0x0000000100000000)
  region size 1024K, 3 young (3072K), 3 survivors (3072K)
 Metaspace       used 70941K, capacity 72914K, committed 73088K, reserved 1112064K
  class space    used 9464K, capacity 10290K, committed 10368K, reserved 1048576K
}
Event: 34.817 GC heap before
{Heap before GC invocations=39 (full 0):
 garbage-first heap   total 76800K, used 64331K [0x00000000c2200000, 0x0000000100000000)
  region size 1024K, 25 young (25600K), 3 survivors (3072K)
 Metaspace       used 71276K, capacity 73255K, committed 73344K, reserved 1112064K
  class space    used 9505K, capacity 10337K, committed 10368K, reserved 1048576K
}
Event: 34.829 GC heap after
{Heap after GC invocations=40 (full 0):
 garbage-first heap   total 76800K, used 43179K [0x00000000c2200000, 0x0000000100000000)
  region size 1024K, 3 young (3072K), 3 survivors (3072K)
 Metaspace       used 71276K, capacity 73255K, committed 73344K, reserved 1112064K
  class space    used 9505K, capacity 10337K, committed 10368K, reserved 1048576K
}
Event: 34.855 GC heap before
{Heap before GC invocations=40 (full 0):
 garbage-first heap   total 76800K, used 44203K [0x00000000c2200000, 0x0000000100000000)
  region size 1024K, 4 young (4096K), 3 survivors (3072K)
 Metaspace       used 71278K, capacity 73255K, committed 73344K, reserved 1112064K
  class space    used 9506K, capacity 10337K, committed 10368K, reserved 1048576K
}
Event: 34.868 GC heap after
{Heap after GC invocations=41 (full 0):
 garbage-first heap   total 76800K, used 42973K [0x00000000c2200000, 0x0000000100000000)
  region size 1024K, 1 young (1024K), 1 survivors (1024K)
 Metaspace       used 71278K, capacity 73255K, committed 73344K, reserved 1112064K
  class space    used 9506K, capacity 10337K, committed 10368K, reserved 1048576K
}

